<?xml version="1.0" encoding="UTF-8"?>
<testsuite xmlns:xsi="http://www.w3.org/2001/XMLSchema-instance" xsi:noNamespaceSchemaLocation="https://maven.apache.org/surefire/maven-surefire-plugin/xsd/surefire-test-report-3.0.xsd" version="3.0" name="org.capps.AppTest" time="0.09" tests="1" errors="0" skipped="0" failures="0">
  <properties>
    <property name="java.specification.version" value="21"/>
    <property name="sun.jnu.encoding" value="UTF-8"/>
    <property name="java.class.path" value="/workspaces/jberet-faulty-h2-test/target/test-classes:/workspaces/jberet-faulty-h2-test/target/classes:/home/codespace/.m2/repository/io/quarkiverse/jberet/quarkus-jberet/2.4.0/quarkus-jberet-2.4.0.jar:/home/codespace/.m2/repository/io/quarkus/quarkus-core/3.14.0/quarkus-core-3.14.0.jar:/home/codespace/.m2/repository/jakarta/annotation/jakarta.annotation-api/3.0.0/jakarta.annotation-api-3.0.0.jar:/home/codespace/.m2/repository/jakarta/enterprise/jakarta.enterprise.cdi-api/4.1.0/jakarta.enterprise.cdi-api-4.1.0.jar:/home/codespace/.m2/repository/jakarta/enterprise/jakarta.enterprise.lang-model/4.1.0/jakarta.enterprise.lang-model-4.1.0.jar:/home/codespace/.m2/repository/jakarta/el/jakarta.el-api/6.0.0/jakarta.el-api-6.0.0.jar:/home/codespace/.m2/repository/jakarta/interceptor/jakarta.interceptor-api/2.2.0/jakarta.interceptor-api-2.2.0.jar:/home/codespace/.m2/repository/jakarta/inject/jakarta.inject-api/2.0.1/jakarta.inject-api-2.0.1.jar:/home/codespace/.m2/repository/io/smallrye/common/smallrye-common-os/2.5.0/smallrye-common-os-2.5.0.jar:/home/codespace/.m2/repository/io/quarkus/quarkus-ide-launcher/3.14.0/quarkus-ide-launcher-3.14.0.jar:/home/codespace/.m2/repository/io/quarkus/quarkus-development-mode-spi/3.14.0/quarkus-development-mode-spi-3.14.0.jar:/home/codespace/.m2/repository/io/smallrye/config/smallrye-config/3.9.1/smallrye-config-3.9.1.jar:/home/codespace/.m2/repository/io/smallrye/config/smallrye-config-core/3.9.1/smallrye-config-core-3.9.1.jar:/home/codespace/.m2/repository/io/smallrye/common/smallrye-common-annotation/2.4.0/smallrye-common-annotation-2.4.0.jar:/home/codespace/.m2/repository/io/smallrye/common/smallrye-common-classloader/2.4.0/smallrye-common-classloader-2.4.0.jar:/home/codespace/.m2/repository/org/ow2/asm/asm/9.7/asm-9.7.jar:/home/codespace/.m2/repository/io/smallrye/config/smallrye-config-common/3.9.1/smallrye-config-common-3.9.1.jar:/home/codespace/.m2/repository/org/jboss/logging/jboss-logging/3.6.0.Final/jboss-logging-3.6.0.Final.jar:/home/codespace/.m2/repository/org/jboss/logmanager/jboss-logmanager/3.0.6.Final/jboss-logmanager-3.0.6.Final.jar:/home/codespace/.m2/repository/io/smallrye/common/smallrye-common-constraint/2.2.0/smallrye-common-constraint-2.2.0.jar:/home/codespace/.m2/repository/io/smallrye/common/smallrye-common-cpu/2.2.0/smallrye-common-cpu-2.2.0.jar:/home/codespace/.m2/repository/io/smallrye/common/smallrye-common-expression/2.2.0/smallrye-common-expression-2.2.0.jar:/home/codespace/.m2/repository/io/smallrye/common/smallrye-common-function/2.2.0/smallrye-common-function-2.2.0.jar:/home/codespace/.m2/repository/io/smallrye/common/smallrye-common-net/2.2.0/smallrye-common-net-2.2.0.jar:/home/codespace/.m2/repository/io/smallrye/common/smallrye-common-ref/2.2.0/smallrye-common-ref-2.2.0.jar:/home/codespace/.m2/repository/jakarta/json/jakarta.json-api/2.1.3/jakarta.json-api-2.1.3.jar:/home/codespace/.m2/repository/org/eclipse/parsson/parsson/1.1.6/parsson-1.1.6.jar:/home/codespace/.m2/repository/org/jboss/logging/jboss-logging-annotations/3.0.1.Final/jboss-logging-annotations-3.0.1.Final.jar:/home/codespace/.m2/repository/org/jboss/threads/jboss-threads/3.6.1.Final/jboss-threads-3.6.1.Final.jar:/home/codespace/.m2/repository/org/slf4j/slf4j-api/2.0.6/slf4j-api-2.0.6.jar:/home/codespace/.m2/repository/org/jboss/slf4j/slf4j-jboss-logmanager/2.0.0.Final/slf4j-jboss-logmanager-2.0.0.Final.jar:/home/codespace/.m2/repository/org/wildfly/common/wildfly-common/1.7.0.Final/wildfly-common-1.7.0.Final.jar:/home/codespace/.m2/repository/io/quarkus/quarkus-bootstrap-runner/3.14.0/quarkus-bootstrap-runner-3.14.0.jar:/home/codespace/.m2/repository/io/quarkus/quarkus-classloader-commons/3.14.0/quarkus-classloader-commons-3.14.0.jar:/home/codespace/.m2/repository/io/smallrye/common/smallrye-common-io/2.5.0/smallrye-common-io-2.5.0.jar:/home/codespace/.m2/repository/io/github/crac/org-crac/0.1.3/org-crac-0.1.3.jar:/home/codespace/.m2/repository/io/quarkus/quarkus-fs-util/0.0.10/quarkus-fs-util-0.0.10.jar:/home/codespace/.m2/repository/io/quarkus/quarkus-arc/3.14.0/quarkus-arc-3.14.0.jar:/home/codespace/.m2/repository/io/quarkus/arc/arc/3.14.0/arc-3.14.0.jar:/home/codespace/.m2/repository/io/smallrye/reactive/mutiny/2.6.2/mutiny-2.6.2.jar:/home/codespace/.m2/repository/org/jctools/jctools-core/4.0.5/jctools-core-4.0.5.jar:/home/codespace/.m2/repository/org/eclipse/microprofile/context-propagation/microprofile-context-propagation-api/1.3/microprofile-context-propagation-api-1.3.jar:/home/codespace/.m2/repository/io/quarkus/quarkus-narayana-jta/3.14.0/quarkus-narayana-jta-3.14.0.jar:/home/codespace/.m2/repository/io/quarkus/quarkus-transaction-annotations/3.14.0/quarkus-transaction-annotations-3.14.0.jar:/home/codespace/.m2/repository/io/quarkus/quarkus-mutiny/3.14.0/quarkus-mutiny-3.14.0.jar:/home/codespace/.m2/repository/io/smallrye/reactive/mutiny-smallrye-context-propagation/2.6.2/mutiny-smallrye-context-propagation-2.6.2.jar:/home/codespace/.m2/repository/io/quarkus/quarkus-datasource-common/3.14.0/quarkus-datasource-common-3.14.0.jar:/home/codespace/.m2/repository/io/smallrye/smallrye-context-propagation-jta/2.1.2/smallrye-context-propagation-jta-2.1.2.jar:/home/codespace/.m2/repository/jakarta/transaction/jakarta.transaction-api/2.0.1/jakarta.transaction-api-2.0.1.jar:/home/codespace/.m2/repository/io/smallrye/reactive/smallrye-reactive-converter-api/3.0.1/smallrye-reactive-converter-api-3.0.1.jar:/home/codespace/.m2/repository/org/reactivestreams/reactive-streams/1.0.4/reactive-streams-1.0.4.jar:/home/codespace/.m2/repository/io/smallrye/reactive/smallrye-reactive-converter-mutiny/3.0.1/smallrye-reactive-converter-mutiny-3.0.1.jar:/home/codespace/.m2/repository/io/smallrye/reactive/mutiny-zero-flow-adapters/1.1.0/mutiny-zero-flow-adapters-1.1.0.jar:/home/codespace/.m2/repository/org/jboss/narayana/jta/narayana-jta/7.0.2.Final/narayana-jta-7.0.2.Final.jar:/home/codespace/.m2/repository/org/jboss/jboss-transaction-spi/8.0.0.Final/jboss-transaction-spi-8.0.0.Final.jar:/home/codespace/.m2/repository/jakarta/resource/jakarta.resource-api/2.0.0/jakarta.resource-api-2.0.0.jar:/home/codespace/.m2/repository/org/jboss/invocation/jboss-invocation/2.0.0.Final/jboss-invocation-2.0.0.Final.jar:/home/codespace/.m2/repository/org/eclipse/microprofile/reactive-streams-operators/microprofile-reactive-streams-operators-api/3.0/microprofile-reactive-streams-operators-api-3.0.jar:/home/codespace/.m2/repository/org/jboss/narayana/jts/narayana-jts-integration/7.0.2.Final/narayana-jts-integration-7.0.2.Final.jar:/home/codespace/.m2/repository/io/quarkus/quarkus-smallrye-context-propagation/3.14.0/quarkus-smallrye-context-propagation-3.14.0.jar:/home/codespace/.m2/repository/io/smallrye/smallrye-context-propagation/2.1.2/smallrye-context-propagation-2.1.2.jar:/home/codespace/.m2/repository/org/eclipse/microprofile/config/microprofile-config-api/3.0.2/microprofile-config-api-3.0.2.jar:/home/codespace/.m2/repository/io/smallrye/smallrye-context-propagation-api/2.1.2/smallrye-context-propagation-api-2.1.2.jar:/home/codespace/.m2/repository/io/smallrye/smallrye-context-propagation-storage/2.1.2/smallrye-context-propagation-storage-2.1.2.jar:/home/codespace/.m2/repository/io/quarkus/quarkus-agroal/3.14.0/quarkus-agroal-3.14.0.jar:/home/codespace/.m2/repository/io/quarkus/quarkus-datasource/3.14.0/quarkus-datasource-3.14.0.jar:/home/codespace/.m2/repository/io/agroal/agroal-api/2.5/agroal-api-2.5.jar:/home/codespace/.m2/repository/io/agroal/agroal-narayana/2.5/agroal-narayana-2.5.jar:/home/codespace/.m2/repository/io/agroal/agroal-pool/2.5/agroal-pool-2.5.jar:/home/codespace/.m2/repository/io/quarkus/quarkus-credentials/3.14.0/quarkus-credentials-3.14.0.jar:/home/codespace/.m2/repository/org/jberet/jberet-core/2.2.1.Final/jberet-core-2.2.1.Final.jar:/home/codespace/.m2/repository/org/jberet/jberet-schedule-executor/2.0.0.Final/jberet-schedule-executor-2.0.0.Final.jar:/home/codespace/.m2/repository/com/cronutils/cron-utils/9.2.1/cron-utils-9.2.1.jar:/home/codespace/.m2/repository/jakarta/batch/jakarta.batch-api/2.1.1/jakarta.batch-api-2.1.1.jar:/home/codespace/.m2/repository/org/graalvm/sdk/graal-sdk/23.1.2/graal-sdk-23.1.2.jar:/home/codespace/.m2/repository/org/graalvm/sdk/collections/23.1.2/collections-23.1.2.jar:/home/codespace/.m2/repository/org/graalvm/sdk/nativeimage/23.1.2/nativeimage-23.1.2.jar:/home/codespace/.m2/repository/org/graalvm/sdk/word/23.1.2/word-23.1.2.jar:/home/codespace/.m2/repository/org/wildfly/security/wildfly-elytron-security-manager/1.19.0.Final/wildfly-elytron-security-manager-1.19.0.Final.jar:/home/codespace/.m2/repository/org/wildfly/security/wildfly-elytron-base/1.19.0.Final/wildfly-elytron-base-1.19.0.Final.jar:/home/codespace/.m2/repository/org/wildfly/security/wildfly-elytron-permission/1.19.0.Final/wildfly-elytron-permission-1.19.0.Final.jar:/home/codespace/.m2/repository/org/wildfly/security/wildfly-elytron-security-manager-action/1.19.0.Final/wildfly-elytron-security-manager-action-1.19.0.Final.jar:/home/codespace/.m2/repository/org/wildfly/security/wildfly-elytron-util/1.19.0.Final/wildfly-elytron-util-1.19.0.Final.jar:/home/codespace/.m2/repository/org/wildfly/security/wildfly-elytron-asn1/1.19.0.Final/wildfly-elytron-asn1-1.19.0.Final.jar:/home/codespace/.m2/repository/jakarta/ejb/jakarta.ejb-api/4.0.1/jakarta.ejb-api-4.0.1.jar:/home/codespace/.m2/repository/junit/junit/3.8.1/junit-3.8.1.jar:"/>
    <property name="java.vm.vendor" value="Microsoft"/>
    <property name="sun.arch.data.model" value="64"/>
    <property name="java.vendor.url" value="https://www.microsoft.com"/>
    <property name="os.name" value="Linux"/>
    <property name="java.vm.specification.version" value="21"/>
    <property name="sun.java.launcher" value="SUN_STANDARD"/>
    <property name="sun.boot.library.path" value="/usr/local/sdkman/candidates/java/21.0.5-ms/lib"/>
    <property name="sun.java.command" value="/workspaces/jberet-faulty-h2-test/target/surefire/surefirebooter-20250117152309982_3.jar /workspaces/jberet-faulty-h2-test/target/surefire 2025-01-17T15-23-09_888-jvmRun1 surefire-20250117152309982_1tmp surefire_0-20250117152309982_2tmp"/>
    <property name="jdk.debug" value="release"/>
    <property name="surefire.test.class.path" value="/workspaces/jberet-faulty-h2-test/target/test-classes:/workspaces/jberet-faulty-h2-test/target/classes:/home/codespace/.m2/repository/io/quarkiverse/jberet/quarkus-jberet/2.4.0/quarkus-jberet-2.4.0.jar:/home/codespace/.m2/repository/io/quarkus/quarkus-core/3.14.0/quarkus-core-3.14.0.jar:/home/codespace/.m2/repository/jakarta/annotation/jakarta.annotation-api/3.0.0/jakarta.annotation-api-3.0.0.jar:/home/codespace/.m2/repository/jakarta/enterprise/jakarta.enterprise.cdi-api/4.1.0/jakarta.enterprise.cdi-api-4.1.0.jar:/home/codespace/.m2/repository/jakarta/enterprise/jakarta.enterprise.lang-model/4.1.0/jakarta.enterprise.lang-model-4.1.0.jar:/home/codespace/.m2/repository/jakarta/el/jakarta.el-api/6.0.0/jakarta.el-api-6.0.0.jar:/home/codespace/.m2/repository/jakarta/interceptor/jakarta.interceptor-api/2.2.0/jakarta.interceptor-api-2.2.0.jar:/home/codespace/.m2/repository/jakarta/inject/jakarta.inject-api/2.0.1/jakarta.inject-api-2.0.1.jar:/home/codespace/.m2/repository/io/smallrye/common/smallrye-common-os/2.5.0/smallrye-common-os-2.5.0.jar:/home/codespace/.m2/repository/io/quarkus/quarkus-ide-launcher/3.14.0/quarkus-ide-launcher-3.14.0.jar:/home/codespace/.m2/repository/io/quarkus/quarkus-development-mode-spi/3.14.0/quarkus-development-mode-spi-3.14.0.jar:/home/codespace/.m2/repository/io/smallrye/config/smallrye-config/3.9.1/smallrye-config-3.9.1.jar:/home/codespace/.m2/repository/io/smallrye/config/smallrye-config-core/3.9.1/smallrye-config-core-3.9.1.jar:/home/codespace/.m2/repository/io/smallrye/common/smallrye-common-annotation/2.4.0/smallrye-common-annotation-2.4.0.jar:/home/codespace/.m2/repository/io/smallrye/common/smallrye-common-classloader/2.4.0/smallrye-common-classloader-2.4.0.jar:/home/codespace/.m2/repository/org/ow2/asm/asm/9.7/asm-9.7.jar:/home/codespace/.m2/repository/io/smallrye/config/smallrye-config-common/3.9.1/smallrye-config-common-3.9.1.jar:/home/codespace/.m2/repository/org/jboss/logging/jboss-logging/3.6.0.Final/jboss-logging-3.6.0.Final.jar:/home/codespace/.m2/repository/org/jboss/logmanager/jboss-logmanager/3.0.6.Final/jboss-logmanager-3.0.6.Final.jar:/home/codespace/.m2/repository/io/smallrye/common/smallrye-common-constraint/2.2.0/smallrye-common-constraint-2.2.0.jar:/home/codespace/.m2/repository/io/smallrye/common/smallrye-common-cpu/2.2.0/smallrye-common-cpu-2.2.0.jar:/home/codespace/.m2/repository/io/smallrye/common/smallrye-common-expression/2.2.0/smallrye-common-expression-2.2.0.jar:/home/codespace/.m2/repository/io/smallrye/common/smallrye-common-function/2.2.0/smallrye-common-function-2.2.0.jar:/home/codespace/.m2/repository/io/smallrye/common/smallrye-common-net/2.2.0/smallrye-common-net-2.2.0.jar:/home/codespace/.m2/repository/io/smallrye/common/smallrye-common-ref/2.2.0/smallrye-common-ref-2.2.0.jar:/home/codespace/.m2/repository/jakarta/json/jakarta.json-api/2.1.3/jakarta.json-api-2.1.3.jar:/home/codespace/.m2/repository/org/eclipse/parsson/parsson/1.1.6/parsson-1.1.6.jar:/home/codespace/.m2/repository/org/jboss/logging/jboss-logging-annotations/3.0.1.Final/jboss-logging-annotations-3.0.1.Final.jar:/home/codespace/.m2/repository/org/jboss/threads/jboss-threads/3.6.1.Final/jboss-threads-3.6.1.Final.jar:/home/codespace/.m2/repository/org/slf4j/slf4j-api/2.0.6/slf4j-api-2.0.6.jar:/home/codespace/.m2/repository/org/jboss/slf4j/slf4j-jboss-logmanager/2.0.0.Final/slf4j-jboss-logmanager-2.0.0.Final.jar:/home/codespace/.m2/repository/org/wildfly/common/wildfly-common/1.7.0.Final/wildfly-common-1.7.0.Final.jar:/home/codespace/.m2/repository/io/quarkus/quarkus-bootstrap-runner/3.14.0/quarkus-bootstrap-runner-3.14.0.jar:/home/codespace/.m2/repository/io/quarkus/quarkus-classloader-commons/3.14.0/quarkus-classloader-commons-3.14.0.jar:/home/codespace/.m2/repository/io/smallrye/common/smallrye-common-io/2.5.0/smallrye-common-io-2.5.0.jar:/home/codespace/.m2/repository/io/github/crac/org-crac/0.1.3/org-crac-0.1.3.jar:/home/codespace/.m2/repository/io/quarkus/quarkus-fs-util/0.0.10/quarkus-fs-util-0.0.10.jar:/home/codespace/.m2/repository/io/quarkus/quarkus-arc/3.14.0/quarkus-arc-3.14.0.jar:/home/codespace/.m2/repository/io/quarkus/arc/arc/3.14.0/arc-3.14.0.jar:/home/codespace/.m2/repository/io/smallrye/reactive/mutiny/2.6.2/mutiny-2.6.2.jar:/home/codespace/.m2/repository/org/jctools/jctools-core/4.0.5/jctools-core-4.0.5.jar:/home/codespace/.m2/repository/org/eclipse/microprofile/context-propagation/microprofile-context-propagation-api/1.3/microprofile-context-propagation-api-1.3.jar:/home/codespace/.m2/repository/io/quarkus/quarkus-narayana-jta/3.14.0/quarkus-narayana-jta-3.14.0.jar:/home/codespace/.m2/repository/io/quarkus/quarkus-transaction-annotations/3.14.0/quarkus-transaction-annotations-3.14.0.jar:/home/codespace/.m2/repository/io/quarkus/quarkus-mutiny/3.14.0/quarkus-mutiny-3.14.0.jar:/home/codespace/.m2/repository/io/smallrye/reactive/mutiny-smallrye-context-propagation/2.6.2/mutiny-smallrye-context-propagation-2.6.2.jar:/home/codespace/.m2/repository/io/quarkus/quarkus-datasource-common/3.14.0/quarkus-datasource-common-3.14.0.jar:/home/codespace/.m2/repository/io/smallrye/smallrye-context-propagation-jta/2.1.2/smallrye-context-propagation-jta-2.1.2.jar:/home/codespace/.m2/repository/jakarta/transaction/jakarta.transaction-api/2.0.1/jakarta.transaction-api-2.0.1.jar:/home/codespace/.m2/repository/io/smallrye/reactive/smallrye-reactive-converter-api/3.0.1/smallrye-reactive-converter-api-3.0.1.jar:/home/codespace/.m2/repository/org/reactivestreams/reactive-streams/1.0.4/reactive-streams-1.0.4.jar:/home/codespace/.m2/repository/io/smallrye/reactive/smallrye-reactive-converter-mutiny/3.0.1/smallrye-reactive-converter-mutiny-3.0.1.jar:/home/codespace/.m2/repository/io/smallrye/reactive/mutiny-zero-flow-adapters/1.1.0/mutiny-zero-flow-adapters-1.1.0.jar:/home/codespace/.m2/repository/org/jboss/narayana/jta/narayana-jta/7.0.2.Final/narayana-jta-7.0.2.Final.jar:/home/codespace/.m2/repository/org/jboss/jboss-transaction-spi/8.0.0.Final/jboss-transaction-spi-8.0.0.Final.jar:/home/codespace/.m2/repository/jakarta/resource/jakarta.resource-api/2.0.0/jakarta.resource-api-2.0.0.jar:/home/codespace/.m2/repository/org/jboss/invocation/jboss-invocation/2.0.0.Final/jboss-invocation-2.0.0.Final.jar:/home/codespace/.m2/repository/org/eclipse/microprofile/reactive-streams-operators/microprofile-reactive-streams-operators-api/3.0/microprofile-reactive-streams-operators-api-3.0.jar:/home/codespace/.m2/repository/org/jboss/narayana/jts/narayana-jts-integration/7.0.2.Final/narayana-jts-integration-7.0.2.Final.jar:/home/codespace/.m2/repository/io/quarkus/quarkus-smallrye-context-propagation/3.14.0/quarkus-smallrye-context-propagation-3.14.0.jar:/home/codespace/.m2/repository/io/smallrye/smallrye-context-propagation/2.1.2/smallrye-context-propagation-2.1.2.jar:/home/codespace/.m2/repository/org/eclipse/microprofile/config/microprofile-config-api/3.0.2/microprofile-config-api-3.0.2.jar:/home/codespace/.m2/repository/io/smallrye/smallrye-context-propagation-api/2.1.2/smallrye-context-propagation-api-2.1.2.jar:/home/codespace/.m2/repository/io/smallrye/smallrye-context-propagation-storage/2.1.2/smallrye-context-propagation-storage-2.1.2.jar:/home/codespace/.m2/repository/io/quarkus/quarkus-agroal/3.14.0/quarkus-agroal-3.14.0.jar:/home/codespace/.m2/repository/io/quarkus/quarkus-datasource/3.14.0/quarkus-datasource-3.14.0.jar:/home/codespace/.m2/repository/io/agroal/agroal-api/2.5/agroal-api-2.5.jar:/home/codespace/.m2/repository/io/agroal/agroal-narayana/2.5/agroal-narayana-2.5.jar:/home/codespace/.m2/repository/io/agroal/agroal-pool/2.5/agroal-pool-2.5.jar:/home/codespace/.m2/repository/io/quarkus/quarkus-credentials/3.14.0/quarkus-credentials-3.14.0.jar:/home/codespace/.m2/repository/org/jberet/jberet-core/2.2.1.Final/jberet-core-2.2.1.Final.jar:/home/codespace/.m2/repository/org/jberet/jberet-schedule-executor/2.0.0.Final/jberet-schedule-executor-2.0.0.Final.jar:/home/codespace/.m2/repository/com/cronutils/cron-utils/9.2.1/cron-utils-9.2.1.jar:/home/codespace/.m2/repository/jakarta/batch/jakarta.batch-api/2.1.1/jakarta.batch-api-2.1.1.jar:/home/codespace/.m2/repository/org/graalvm/sdk/graal-sdk/23.1.2/graal-sdk-23.1.2.jar:/home/codespace/.m2/repository/org/graalvm/sdk/collections/23.1.2/collections-23.1.2.jar:/home/codespace/.m2/repository/org/graalvm/sdk/nativeimage/23.1.2/nativeimage-23.1.2.jar:/home/codespace/.m2/repository/org/graalvm/sdk/word/23.1.2/word-23.1.2.jar:/home/codespace/.m2/repository/org/wildfly/security/wildfly-elytron-security-manager/1.19.0.Final/wildfly-elytron-security-manager-1.19.0.Final.jar:/home/codespace/.m2/repository/org/wildfly/security/wildfly-elytron-base/1.19.0.Final/wildfly-elytron-base-1.19.0.Final.jar:/home/codespace/.m2/repository/org/wildfly/security/wildfly-elytron-permission/1.19.0.Final/wildfly-elytron-permission-1.19.0.Final.jar:/home/codespace/.m2/repository/org/wildfly/security/wildfly-elytron-security-manager-action/1.19.0.Final/wildfly-elytron-security-manager-action-1.19.0.Final.jar:/home/codespace/.m2/repository/org/wildfly/security/wildfly-elytron-util/1.19.0.Final/wildfly-elytron-util-1.19.0.Final.jar:/home/codespace/.m2/repository/org/wildfly/security/wildfly-elytron-asn1/1.19.0.Final/wildfly-elytron-asn1-1.19.0.Final.jar:/home/codespace/.m2/repository/jakarta/ejb/jakarta.ejb-api/4.0.1/jakarta.ejb-api-4.0.1.jar:/home/codespace/.m2/repository/junit/junit/3.8.1/junit-3.8.1.jar:"/>
    <property name="sun.cpu.endian" value="little"/>
    <property name="user.home" value="/home/codespace"/>
    <property name="user.language" value="en"/>
    <property name="java.specification.vendor" value="Oracle Corporation"/>
    <property name="java.version.date" value="2024-10-15"/>
    <property name="java.home" value="/usr/local/sdkman/candidates/java/21.0.5-ms"/>
    <property name="file.separator" value="/"/>
    <property name="basedir" value="/workspaces/jberet-faulty-h2-test"/>
    <property name="java.vm.compressedOopsMode" value="32-bit"/>
    <property name="line.separator" value="&#10;"/>
    <property name="java.specification.name" value="Java Platform API Specification"/>
    <property name="java.vm.specification.vendor" value="Oracle Corporation"/>
    <property name="surefire.real.class.path" value="/workspaces/jberet-faulty-h2-test/target/surefire/surefirebooter-20250117152309982_3.jar"/>
    <property name="sun.management.compiler" value="HotSpot 64-Bit Tiered Compilers"/>
    <property name="java.runtime.version" value="21.0.5+11-LTS"/>
    <property name="user.name" value="codespace"/>
    <property name="stdout.encoding" value="UTF-8"/>
    <property name="path.separator" value=":"/>
    <property name="os.version" value="6.5.0-1025-azure"/>
    <property name="java.runtime.name" value="OpenJDK Runtime Environment"/>
    <property name="file.encoding" value="UTF-8"/>
    <property name="AppTest" value="testApp"/>
    <property name="java.vm.name" value="OpenJDK 64-Bit Server VM"/>
    <property name="java.vendor.version" value="Microsoft-10376803"/>
    <property name="localRepository" value="/home/codespace/.m2/repository"/>
    <property name="java.vendor.url.bug" value="https://github.com/microsoft/openjdk/issues"/>
    <property name="java.io.tmpdir" value="/tmp"/>
    <property name="java.version" value="21.0.5"/>
    <property name="user.dir" value="/workspaces/jberet-faulty-h2-test"/>
    <property name="os.arch" value="amd64"/>
    <property name="java.vm.specification.name" value="Java Virtual Machine Specification"/>
    <property name="native.encoding" value="UTF-8"/>
    <property name="java.library.path" value="/usr/java/packages/lib:/usr/lib64:/lib64:/lib:/usr/lib"/>
    <property name="java.vm.info" value="mixed mode, sharing"/>
    <property name="stderr.encoding" value="UTF-8"/>
    <property name="java.vendor" value="Microsoft"/>
    <property name="java.vm.version" value="21.0.5+11-LTS"/>
    <property name="sun.io.unicode.encoding" value="UnicodeLittle"/>
    <property name="java.class.version" value="65.0"/>
  </properties>
  <testcase name="testApp" classname="org.capps.AppTest" time="0.008"/>
</testsuite>